2020/02/12 19:55:11 [error] [exception.CDbException] CDbException: CDbConnection failed to open the DB connection: SQLSTATE[HY000] [2002] No se puede establecer una conexión ya que el equipo de destino denegó expresamente dicha conexión.
 in C:\xampp\htdocs\yii\framework\db\CDbConnection.php:399
Stack trace:
#0 C:\xampp\htdocs\yii\framework\db\CDbConnection.php(347): CDbConnection->open()
#1 C:\xampp\htdocs\yii\framework\db\CDbConnection.php(325): CDbConnection->setActive(true)
#2 C:\xampp\htdocs\yii\framework\base\CModule.php(394): CDbConnection->init()
#3 C:\xampp\htdocs\yii\framework\web\CDbHttpSession.php(175): CModule->getComponent('db')
#4 C:\xampp\htdocs\yii\framework\web\CDbHttpSession.php(199): CDbHttpSession->getDbConnection()
#5 [internal function]: CDbHttpSession->openSession('C:\\xampp\\tmp', 'PHPSESSID')
#6 C:\xampp\htdocs\yii\framework\web\CHttpSession.php(114): session_start()
#7 C:\xampp\htdocs\yii\framework\web\CHttpSession.php(88): CHttpSession->open()
#8 C:\xampp\htdocs\yii\framework\base\CModule.php(394): CHttpSession->init()
#9 C:\xampp\htdocs\yii\framework\web\CWebApplication.php(201): CModule->getComponent('session')
#10 C:\xampp\htdocs\yii\framework\web\auth\CWebUser.php(199): CWebApplication->getSession()
#11 C:\xampp\htdocs\yii\framework\base\CModule.php(394): CWebUser->init()
#12 C:\xampp\htdocs\yii\framework\base\CModule.php(103): CModule->getComponent('user')
#13 C:\xampp\htdocs\mailing-contact\protected\views\layouts\main.php(35): CModule->__get('user')
#14 C:\xampp\htdocs\yii\framework\web\CBaseController.php(126): require('C:\\xampp\\htdocs...')
#15 C:\xampp\htdocs\yii\framework\web\CBaseController.php(95): CBaseController->renderInternal('C:\\xampp\\htdocs...', Array, true)
#16 C:\xampp\htdocs\yii\framework\web\widgets\CContentDecorator.php(76): CBaseController->renderFile('C:\\xampp\\htdocs...', Array, true)
#17 C:\xampp\htdocs\yii\framework\web\widgets\CContentDecorator.php(54): CContentDecorator->decorate('<div id="conten...')
#18 C:\xampp\htdocs\yii\framework\web\widgets\COutputProcessor.php(44): CContentDecorator->processOutput('<div id="conten...')
#19 C:\xampp\htdocs\yii\framework\web\CBaseController.php(214): COutputProcessor->run()
#20 C:\xampp\htdocs\yii\framework\web\CBaseController.php(308): CBaseController->endWidget('CContentDecorat...')
#21 C:\xampp\htdocs\mailing-contact\protected\views\layouts\column1.php(6): CBaseController->endContent()
#22 C:\xampp\htdocs\yii\framework\web\CBaseController.php(126): require('C:\\xampp\\htdocs...')
#23 C:\xampp\htdocs\yii\framework\web\CBaseController.php(95): CBaseController->renderInternal('C:\\xampp\\htdocs...', Array, true)
#24 C:\xampp\htdocs\yii\framework\web\CController.php(784): CBaseController->renderFile('C:\\xampp\\htdocs...', Array, true)
#25 C:\xampp\htdocs\mailing-contact\protected\controllers\SiteController.php(32): CController->render('index')
#26 C:\xampp\htdocs\yii\framework\web\actions\CInlineAction.php(49): SiteController->actionIndex()
#27 C:\xampp\htdocs\yii\framework\web\CController.php(308): CInlineAction->runWithParams(Array)
#28 C:\xampp\htdocs\yii\framework\web\CController.php(286): CController->runAction(Object(CInlineAction))
#29 C:\xampp\htdocs\yii\framework\web\CController.php(265): CController->runActionWithFilters(Object(CInlineAction), Array)
#30 C:\xampp\htdocs\yii\framework\web\CWebApplication.php(282): CController->run('')
#31 C:\xampp\htdocs\yii\framework\web\CWebApplication.php(141): CWebApplication->runController('')
#32 C:\xampp\htdocs\yii\framework\base\CApplication.php(185): CWebApplication->processRequest()
#33 C:\xampp\htdocs\mailing-contact\index.php(13): CApplication->run()
#34 {main}
REQUEST_URI=/mailing-contact/
---
2020/02/12 19:58:47 [error] [system.db.CDbCommand] CDbCommand::execute() failed: SQLSTATE[42S02]: Base table or view not found: 1146 Table 'mailing.dbsession' doesn't exist. The SQL statement executed was: DELETE FROM `dbsession` WHERE expire<:expire.
in C:\xampp\htdocs\mailing-contact\protected\views\layouts\main.php (35)
in C:\xampp\htdocs\mailing-contact\protected\views\layouts\column1.php (6)
in C:\xampp\htdocs\mailing-contact\protected\controllers\SiteController.php (32)
2020/02/12 21:22:59 [error] [exception.CHttpException.404] CHttpException: Unable to resolve the request "js/popper.min.js.map". in C:\xampp\htdocs\yii\framework\web\CWebApplication.php:286
Stack trace:
#0 C:\xampp\htdocs\yii\framework\web\CWebApplication.php(141): CWebApplication->runController('js/popper.min.j...')
#1 C:\xampp\htdocs\yii\framework\base\CApplication.php(185): CWebApplication->processRequest()
#2 C:\xampp\htdocs\mailing-contact\index.php(13): CApplication->run()
#3 {main}
REQUEST_URI=/mailing-contact/js/popper.min.js.map
---
2020/02/12 21:24:46 [error] [exception.CException] CException: SiteController has an extra endWidget(CContentDecorator) call in its view. in C:\xampp\htdocs\yii\framework\web\CBaseController.php:218
Stack trace:
#0 C:\xampp\htdocs\yii\framework\web\CBaseController.php(308): CBaseController->endWidget('CContentDecorat...')
#1 C:\xampp\htdocs\mailing-contact\protected\views\layouts\column1.php(6): CBaseController->endContent()
#2 C:\xampp\htdocs\yii\framework\web\CBaseController.php(126): require('C:\\xampp\\htdocs...')
#3 C:\xampp\htdocs\yii\framework\web\CBaseController.php(95): CBaseController->renderInternal('C:\\xampp\\htdocs...', Array, true)
#4 C:\xampp\htdocs\yii\framework\web\CController.php(784): CBaseController->renderFile('C:\\xampp\\htdocs...', Array, true)
#5 C:\xampp\htdocs\mailing-contact\protected\controllers\SiteController.php(32): CController->render('index')
#6 C:\xampp\htdocs\yii\framework\web\actions\CInlineAction.php(49): SiteController->actionIndex()
#7 C:\xampp\htdocs\yii\framework\web\CController.php(308): CInlineAction->runWithParams(Array)
#8 C:\xampp\htdocs\yii\framework\web\CController.php(286): CController->runAction(Object(CInlineAction))
#9 C:\xampp\htdocs\yii\framework\web\CController.php(265): CController->runActionWithFilters(Object(CInlineAction), Array)
#10 C:\xampp\htdocs\yii\framework\web\CWebApplication.php(282): CController->run('')
#11 C:\xampp\htdocs\yii\framework\web\CWebApplication.php(141): CWebApplication->runController('')
#12 C:\xampp\htdocs\yii\framework\base\CApplication.php(185): CWebApplication->processRequest()
#13 C:\xampp\htdocs\mailing-contact\index.php(13): CApplication->run()
#14 {main}
REQUEST_URI=/mailing-contact/
---
2020/02/12 21:29:53 [error] [exception.CHttpException.404] CHttpException: Unable to resolve the request "Signin Template · Bootstrap_files/bootstrap-solid.svg". in C:\xampp\htdocs\yii\framework\web\CWebApplication.php:286
Stack trace:
#0 C:\xampp\htdocs\yii\framework\web\CWebApplication.php(141): CWebApplication->runController('Signin Template...')
#1 C:\xampp\htdocs\yii\framework\base\CApplication.php(185): CWebApplication->processRequest()
#2 C:\xampp\htdocs\mailing-contact\index.php(13): CApplication->run()
#3 {main}
REQUEST_URI=/mailing-contact/Signin%20Template%20%C2%B7%20Bootstrap_files/bootstrap-solid.svg
HTTP_REFERER=http://localhost/mailing-contact/
---
2020/02/12 21:30:47 [error] [exception.CHttpException.404] CHttpException: Unable to resolve the request "Signin Template · Bootstrap_files/bootstrap-solid.svg". in C:\xampp\htdocs\yii\framework\web\CWebApplication.php:286
Stack trace:
#0 C:\xampp\htdocs\yii\framework\web\CWebApplication.php(141): CWebApplication->runController('Signin Template...')
#1 C:\xampp\htdocs\yii\framework\base\CApplication.php(185): CWebApplication->processRequest()
#2 C:\xampp\htdocs\mailing-contact\index.php(13): CApplication->run()
#3 {main}
REQUEST_URI=/mailing-contact/Signin%20Template%20%C2%B7%20Bootstrap_files/bootstrap-solid.svg
HTTP_REFERER=http://localhost/mailing-contact/
---
2020/02/12 21:33:12 [error] [exception.CHttpException.404] CHttpException: Unable to resolve the request "css/bootstrap/login.css". in C:\xampp\htdocs\yii\framework\web\CWebApplication.php:286
Stack trace:
#0 C:\xampp\htdocs\yii\framework\web\CWebApplication.php(141): CWebApplication->runController('css/bootstrap/l...')
#1 C:\xampp\htdocs\yii\framework\base\CApplication.php(185): CWebApplication->processRequest()
#2 C:\xampp\htdocs\mailing-contact\index.php(13): CApplication->run()
#3 {main}
REQUEST_URI=/mailing-contact/css/bootstrap/login.css
HTTP_REFERER=http://localhost/mailing-contact/
---
2020/02/12 21:33:12 [error] [exception.CHttpException.404] CHttpException: Unable to resolve the request "Signin Template · Bootstrap_files/bootstrap-solid.svg". in C:\xampp\htdocs\yii\framework\web\CWebApplication.php:286
Stack trace:
#0 C:\xampp\htdocs\yii\framework\web\CWebApplication.php(141): CWebApplication->runController('Signin Template...')
#1 C:\xampp\htdocs\yii\framework\base\CApplication.php(185): CWebApplication->processRequest()
#2 C:\xampp\htdocs\mailing-contact\index.php(13): CApplication->run()
#3 {main}
REQUEST_URI=/mailing-contact/Signin%20Template%20%C2%B7%20Bootstrap_files/bootstrap-solid.svg
HTTP_REFERER=http://localhost/mailing-contact/
---
2020/02/12 21:33:13 [error] [exception.CHttpException.404] CHttpException: Unable to resolve the request "Signin Template · Bootstrap_files/bootstrap-solid.svg". in C:\xampp\htdocs\yii\framework\web\CWebApplication.php:286
Stack trace:
#0 C:\xampp\htdocs\yii\framework\web\CWebApplication.php(141): CWebApplication->runController('Signin Template...')
#1 C:\xampp\htdocs\yii\framework\base\CApplication.php(185): CWebApplication->processRequest()
#2 C:\xampp\htdocs\mailing-contact\index.php(13): CApplication->run()
#3 {main}
REQUEST_URI=/mailing-contact/Signin%20Template%20%C2%B7%20Bootstrap_files/bootstrap-solid.svg
HTTP_REFERER=http://localhost/mailing-contact/
---
2020/02/12 21:33:13 [error] [exception.CHttpException.404] CHttpException: Unable to resolve the request "css/bootstrap/login.css". in C:\xampp\htdocs\yii\framework\web\CWebApplication.php:286
Stack trace:
#0 C:\xampp\htdocs\yii\framework\web\CWebApplication.php(141): CWebApplication->runController('css/bootstrap/l...')
#1 C:\xampp\htdocs\yii\framework\base\CApplication.php(185): CWebApplication->processRequest()
#2 C:\xampp\htdocs\mailing-contact\index.php(13): CApplication->run()
#3 {main}
REQUEST_URI=/mailing-contact/css/bootstrap/login.css
HTTP_REFERER=http://localhost/mailing-contact/
---
2020/02/12 21:33:13 [error] [exception.CHttpException.404] CHttpException: Unable to resolve the request "css/bootstrap/login.css". in C:\xampp\htdocs\yii\framework\web\CWebApplication.php:286
Stack trace:
#0 C:\xampp\htdocs\yii\framework\web\CWebApplication.php(141): CWebApplication->runController('css/bootstrap/l...')
#1 C:\xampp\htdocs\yii\framework\base\CApplication.php(185): CWebApplication->processRequest()
#2 C:\xampp\htdocs\mailing-contact\index.php(13): CApplication->run()
#3 {main}
REQUEST_URI=/mailing-contact/css/bootstrap/login.css
HTTP_REFERER=http://localhost/mailing-contact/
---
2020/02/12 21:33:13 [error] [exception.CHttpException.404] CHttpException: Unable to resolve the request "Signin Template · Bootstrap_files/bootstrap-solid.svg". in C:\xampp\htdocs\yii\framework\web\CWebApplication.php:286
Stack trace:
#0 C:\xampp\htdocs\yii\framework\web\CWebApplication.php(141): CWebApplication->runController('Signin Template...')
#1 C:\xampp\htdocs\yii\framework\base\CApplication.php(185): CWebApplication->processRequest()
#2 C:\xampp\htdocs\mailing-contact\index.php(13): CApplication->run()
#3 {main}
REQUEST_URI=/mailing-contact/Signin%20Template%20%C2%B7%20Bootstrap_files/bootstrap-solid.svg
HTTP_REFERER=http://localhost/mailing-contact/
---
2020/02/12 21:33:13 [error] [exception.CHttpException.404] CHttpException: Unable to resolve the request "Signin Template · Bootstrap_files/bootstrap-solid.svg". in C:\xampp\htdocs\yii\framework\web\CWebApplication.php:286
Stack trace:
#0 C:\xampp\htdocs\yii\framework\web\CWebApplication.php(141): CWebApplication->runController('Signin Template...')
#1 C:\xampp\htdocs\yii\framework\base\CApplication.php(185): CWebApplication->processRequest()
#2 C:\xampp\htdocs\mailing-contact\index.php(13): CApplication->run()
#3 {main}
REQUEST_URI=/mailing-contact/Signin%20Template%20%C2%B7%20Bootstrap_files/bootstrap-solid.svg
HTTP_REFERER=http://localhost/mailing-contact/
---
2020/02/12 21:33:13 [error] [exception.CHttpException.404] CHttpException: Unable to resolve the request "css/bootstrap/login.css". in C:\xampp\htdocs\yii\framework\web\CWebApplication.php:286
Stack trace:
#0 C:\xampp\htdocs\yii\framework\web\CWebApplication.php(141): CWebApplication->runController('css/bootstrap/l...')
#1 C:\xampp\htdocs\yii\framework\base\CApplication.php(185): CWebApplication->processRequest()
#2 C:\xampp\htdocs\mailing-contact\index.php(13): CApplication->run()
#3 {main}
REQUEST_URI=/mailing-contact/css/bootstrap/login.css
HTTP_REFERER=http://localhost/mailing-contact/
---
2020/02/12 21:33:14 [error] [exception.CHttpException.404] CHttpException: Unable to resolve the request "css/bootstrap/login.css". in C:\xampp\htdocs\yii\framework\web\CWebApplication.php:286
Stack trace:
#0 C:\xampp\htdocs\yii\framework\web\CWebApplication.php(141): CWebApplication->runController('css/bootstrap/l...')
#1 C:\xampp\htdocs\yii\framework\base\CApplication.php(185): CWebApplication->processRequest()
#2 C:\xampp\htdocs\mailing-contact\index.php(13): CApplication->run()
#3 {main}
REQUEST_URI=/mailing-contact/css/bootstrap/login.css
HTTP_REFERER=http://localhost/mailing-contact/
---
2020/02/12 21:33:14 [error] [exception.CHttpException.404] CHttpException: Unable to resolve the request "js/popper.min.js.map". in C:\xampp\htdocs\yii\framework\web\CWebApplication.php:286
Stack trace:
#0 C:\xampp\htdocs\yii\framework\web\CWebApplication.php(141): CWebApplication->runController('js/popper.min.j...')
#1 C:\xampp\htdocs\yii\framework\base\CApplication.php(185): CWebApplication->processRequest()
#2 C:\xampp\htdocs\mailing-contact\index.php(13): CApplication->run()
#3 {main}
REQUEST_URI=/mailing-contact/js/popper.min.js.map
---
2020/02/12 21:33:15 [error] [exception.CHttpException.404] CHttpException: Unable to resolve the request "css/bootstrap/login.css". in C:\xampp\htdocs\yii\framework\web\CWebApplication.php:286
Stack trace:
#0 C:\xampp\htdocs\yii\framework\web\CWebApplication.php(141): CWebApplication->runController('css/bootstrap/l...')
#1 C:\xampp\htdocs\yii\framework\base\CApplication.php(185): CWebApplication->processRequest()
#2 C:\xampp\htdocs\mailing-contact\index.php(13): CApplication->run()
#3 {main}
REQUEST_URI=/mailing-contact/css/bootstrap/login.css
HTTP_REFERER=http://localhost/mailing-contact/
---
2020/02/12 21:33:15 [error] [exception.CHttpException.404] CHttpException: Unable to resolve the request "Signin Template · Bootstrap_files/bootstrap-solid.svg". in C:\xampp\htdocs\yii\framework\web\CWebApplication.php:286
Stack trace:
#0 C:\xampp\htdocs\yii\framework\web\CWebApplication.php(141): CWebApplication->runController('Signin Template...')
#1 C:\xampp\htdocs\yii\framework\base\CApplication.php(185): CWebApplication->processRequest()
#2 C:\xampp\htdocs\mailing-contact\index.php(13): CApplication->run()
#3 {main}
REQUEST_URI=/mailing-contact/Signin%20Template%20%C2%B7%20Bootstrap_files/bootstrap-solid.svg
HTTP_REFERER=http://localhost/mailing-contact/
---
2020/02/12 21:33:15 [error] [exception.CHttpException.404] CHttpException: Unable to resolve the request "js/popper.min.js.map". in C:\xampp\htdocs\yii\framework\web\CWebApplication.php:286
Stack trace:
#0 C:\xampp\htdocs\yii\framework\web\CWebApplication.php(141): CWebApplication->runController('js/popper.min.j...')
#1 C:\xampp\htdocs\yii\framework\base\CApplication.php(185): CWebApplication->processRequest()
#2 C:\xampp\htdocs\mailing-contact\index.php(13): CApplication->run()
#3 {main}
REQUEST_URI=/mailing-contact/js/popper.min.js.map
---
2020/02/12 21:33:34 [error] [exception.CHttpException.404] CHttpException: Unable to resolve the request "js/popper.min.js.map". in C:\xampp\htdocs\yii\framework\web\CWebApplication.php:286
Stack trace:
#0 C:\xampp\htdocs\yii\framework\web\CWebApplication.php(141): CWebApplication->runController('js/popper.min.j...')
#1 C:\xampp\htdocs\yii\framework\base\CApplication.php(185): CWebApplication->processRequest()
#2 C:\xampp\htdocs\mailing-contact\index.php(13): CApplication->run()
#3 {main}
REQUEST_URI=/mailing-contact/js/popper.min.js.map
---
2020/02/12 21:34:28 [error] [exception.CHttpException.404] CHttpException: Unable to resolve the request "js/popper.min.js.map". in C:\xampp\htdocs\yii\framework\web\CWebApplication.php:286
Stack trace:
#0 C:\xampp\htdocs\yii\framework\web\CWebApplication.php(141): CWebApplication->runController('js/popper.min.j...')
#1 C:\xampp\htdocs\yii\framework\base\CApplication.php(185): CWebApplication->processRequest()
#2 C:\xampp\htdocs\mailing-contact\index.php(13): CApplication->run()
#3 {main}
REQUEST_URI=/mailing-contact/js/popper.min.js.map
---
2020/02/12 21:34:29 [error] [exception.CHttpException.404] CHttpException: Unable to resolve the request "js/popper.min.js.map". in C:\xampp\htdocs\yii\framework\web\CWebApplication.php:286
Stack trace:
#0 C:\xampp\htdocs\yii\framework\web\CWebApplication.php(141): CWebApplication->runController('js/popper.min.j...')
#1 C:\xampp\htdocs\yii\framework\base\CApplication.php(185): CWebApplication->processRequest()
#2 C:\xampp\htdocs\mailing-contact\index.php(13): CApplication->run()
#3 {main}
REQUEST_URI=/mailing-contact/js/popper.min.js.map
---
2020/02/12 21:34:53 [error] [exception.CHttpException.404] CHttpException: Unable to resolve the request "js/popper.min.js.map". in C:\xampp\htdocs\yii\framework\web\CWebApplication.php:286
Stack trace:
#0 C:\xampp\htdocs\yii\framework\web\CWebApplication.php(141): CWebApplication->runController('js/popper.min.j...')
#1 C:\xampp\htdocs\yii\framework\base\CApplication.php(185): CWebApplication->processRequest()
#2 C:\xampp\htdocs\mailing-contact\index.php(13): CApplication->run()
#3 {main}
REQUEST_URI=/mailing-contact/js/popper.min.js.map
---
2020/02/12 21:35:26 [error] [exception.CHttpException.404] CHttpException: Unable to resolve the request "js/popper.min.js.map". in C:\xampp\htdocs\yii\framework\web\CWebApplication.php:286
Stack trace:
#0 C:\xampp\htdocs\yii\framework\web\CWebApplication.php(141): CWebApplication->runController('js/popper.min.j...')
#1 C:\xampp\htdocs\yii\framework\base\CApplication.php(185): CWebApplication->processRequest()
#2 C:\xampp\htdocs\mailing-contact\index.php(13): CApplication->run()
#3 {main}
REQUEST_URI=/mailing-contact/js/popper.min.js.map
---
2020/02/12 21:35:28 [error] [exception.CHttpException.404] CHttpException: Unable to resolve the request "js/popper.min.js.map". in C:\xampp\htdocs\yii\framework\web\CWebApplication.php:286
Stack trace:
#0 C:\xampp\htdocs\yii\framework\web\CWebApplication.php(141): CWebApplication->runController('js/popper.min.j...')
#1 C:\xampp\htdocs\yii\framework\base\CApplication.php(185): CWebApplication->processRequest()
#2 C:\xampp\htdocs\mailing-contact\index.php(13): CApplication->run()
#3 {main}
REQUEST_URI=/mailing-contact/js/popper.min.js.map
---
2020/02/12 21:35:28 [error] [exception.CHttpException.404] CHttpException: Unable to resolve the request "js/popper.min.js.map". in C:\xampp\htdocs\yii\framework\web\CWebApplication.php:286
Stack trace:
#0 C:\xampp\htdocs\yii\framework\web\CWebApplication.php(141): CWebApplication->runController('js/popper.min.j...')
#1 C:\xampp\htdocs\yii\framework\base\CApplication.php(185): CWebApplication->processRequest()
#2 C:\xampp\htdocs\mailing-contact\index.php(13): CApplication->run()
#3 {main}
REQUEST_URI=/mailing-contact/js/popper.min.js.map
---
2020/02/12 21:35:43 [error] [exception.CHttpException.404] CHttpException: Unable to resolve the request "js/popper.min.js.map". in C:\xampp\htdocs\yii\framework\web\CWebApplication.php:286
Stack trace:
#0 C:\xampp\htdocs\yii\framework\web\CWebApplication.php(141): CWebApplication->runController('js/popper.min.j...')
#1 C:\xampp\htdocs\yii\framework\base\CApplication.php(185): CWebApplication->processRequest()
#2 C:\xampp\htdocs\mailing-contact\index.php(13): CApplication->run()
#3 {main}
REQUEST_URI=/mailing-contact/js/popper.min.js.map
---
2020/02/12 21:35:58 [error] [exception.CHttpException.404] CHttpException: Unable to resolve the request "js/popper.min.js.map". in C:\xampp\htdocs\yii\framework\web\CWebApplication.php:286
Stack trace:
#0 C:\xampp\htdocs\yii\framework\web\CWebApplication.php(141): CWebApplication->runController('js/popper.min.j...')
#1 C:\xampp\htdocs\yii\framework\base\CApplication.php(185): CWebApplication->processRequest()
#2 C:\xampp\htdocs\mailing-contact\index.php(13): CApplication->run()
#3 {main}
REQUEST_URI=/mailing-contact/js/popper.min.js.map
---
2020/02/12 21:36:09 [error] [exception.CHttpException.404] CHttpException: Unable to resolve the request "js/popper.min.js.map". in C:\xampp\htdocs\yii\framework\web\CWebApplication.php:286
Stack trace:
#0 C:\xampp\htdocs\yii\framework\web\CWebApplication.php(141): CWebApplication->runController('js/popper.min.j...')
#1 C:\xampp\htdocs\yii\framework\base\CApplication.php(185): CWebApplication->processRequest()
#2 C:\xampp\htdocs\mailing-contact\index.php(13): CApplication->run()
#3 {main}
REQUEST_URI=/mailing-contact/js/popper.min.js.map
---
2020/02/12 21:36:10 [error] [exception.CHttpException.404] CHttpException: Unable to resolve the request "js/popper.min.js.map". in C:\xampp\htdocs\yii\framework\web\CWebApplication.php:286
Stack trace:
#0 C:\xampp\htdocs\yii\framework\web\CWebApplication.php(141): CWebApplication->runController('js/popper.min.j...')
#1 C:\xampp\htdocs\yii\framework\base\CApplication.php(185): CWebApplication->processRequest()
#2 C:\xampp\htdocs\mailing-contact\index.php(13): CApplication->run()
#3 {main}
REQUEST_URI=/mailing-contact/js/popper.min.js.map
---
2020/02/12 21:36:22 [error] [exception.CHttpException.404] CHttpException: Unable to resolve the request "js/popper.min.js.map". in C:\xampp\htdocs\yii\framework\web\CWebApplication.php:286
Stack trace:
#0 C:\xampp\htdocs\yii\framework\web\CWebApplication.php(141): CWebApplication->runController('js/popper.min.j...')
#1 C:\xampp\htdocs\yii\framework\base\CApplication.php(185): CWebApplication->processRequest()
#2 C:\xampp\htdocs\mailing-contact\index.php(13): CApplication->run()
#3 {main}
REQUEST_URI=/mailing-contact/js/popper.min.js.map
---
2020/02/13 02:57:04 [error] [exception.CHttpException.404] CHttpException: Unable to resolve the request "css/main.css". in C:\xampp\htdocs\framework\web\CWebApplication.php:286
Stack trace:
#0 C:\xampp\htdocs\framework\web\CWebApplication.php(141): CWebApplication->runController('css/main.css')
#1 C:\xampp\htdocs\framework\base\CApplication.php(184): CWebApplication->processRequest()
#2 C:\xampp\htdocs\mailing\index.php(13): CApplication->run()
#3 {main}
REQUEST_URI=/mailing/css/main.css
HTTP_REFERER=http://localhost/mailing/
---
2020/02/13 02:57:04 [error] [exception.CHttpException.404] CHttpException: Unable to resolve the request "css/form.css". in C:\xampp\htdocs\framework\web\CWebApplication.php:286
Stack trace:
#0 C:\xampp\htdocs\framework\web\CWebApplication.php(141): CWebApplication->runController('css/form.css')
#1 C:\xampp\htdocs\framework\base\CApplication.php(184): CWebApplication->processRequest()
#2 C:\xampp\htdocs\mailing\index.php(13): CApplication->run()
#3 {main}
REQUEST_URI=/mailing/css/form.css
HTTP_REFERER=http://localhost/mailing/
---
2020/02/13 02:58:06 [error] [exception.CHttpException.404] CHttpException: Unable to resolve the request "css/form.css". in C:\xampp\htdocs\framework\web\CWebApplication.php:286
Stack trace:
#0 C:\xampp\htdocs\framework\web\CWebApplication.php(141): CWebApplication->runController('css/form.css')
#1 C:\xampp\htdocs\framework\base\CApplication.php(184): CWebApplication->processRequest()
#2 C:\xampp\htdocs\mailing\index.php(13): CApplication->run()
#3 {main}
REQUEST_URI=/mailing/css/form.css
HTTP_REFERER=http://localhost/mailing/
---
2020/02/13 02:58:06 [error] [exception.CHttpException.404] CHttpException: Unable to resolve the request "css/main.css". in C:\xampp\htdocs\framework\web\CWebApplication.php:286
Stack trace:
#0 C:\xampp\htdocs\framework\web\CWebApplication.php(141): CWebApplication->runController('css/main.css')
#1 C:\xampp\htdocs\framework\base\CApplication.php(184): CWebApplication->processRequest()
#2 C:\xampp\htdocs\mailing\index.php(13): CApplication->run()
#3 {main}
REQUEST_URI=/mailing/css/main.css
HTTP_REFERER=http://localhost/mailing/
---
2020/02/13 02:58:30 [error] [system.db.CDbCommand] CDbCommand::execute() failed: SQLSTATE[42S02]: Base table or view not found: 1146 Table 'mailing.dbsession' doesn't exist. The SQL statement executed was: DELETE FROM `dbsession` WHERE expire<:expire.
in C:\xampp\htdocs\mailing\index.php (13)
2020/02/13 02:58:32 [error] [exception.CException] CException: CAssetManager.basePath "C:\xampp\htdocs\mailing\assets" is invalid. Please make sure the directory exists and is writable by the Web server process. in C:\xampp\htdocs\framework\web\CAssetManager.php:138
Stack trace:
#0 C:\xampp\htdocs\framework\web\CAssetManager.php(123): CAssetManager->setBasePath('C:\\xampp\\htdocs...')
#1 C:\xampp\htdocs\framework\web\CAssetManager.php(217): CAssetManager->getBasePath()
#2 C:\xampp\htdocs\framework\gii\GiiModule.php(143): CAssetManager->publish('C:\\xampp\\htdocs...')
#3 C:\xampp\htdocs\framework\base\CComponent.php(111): GiiModule->getAssetsUrl()
#4 C:\xampp\htdocs\framework\base\CModule.php(105): CComponent->__get('assetsUrl')
#5 C:\xampp\htdocs\framework\gii\views\layouts\main.php(5): CModule->__get('assetsUrl')
#6 C:\xampp\htdocs\framework\web\CBaseController.php(126): require('C:\\xampp\\htdocs...')
#7 C:\xampp\htdocs\framework\web\CBaseController.php(95): CBaseController->renderInternal('C:\\xampp\\htdocs...', Array, true)
#8 C:\xampp\htdocs\framework\web\widgets\CContentDecorator.php(76): CBaseController->renderFile('C:\\xampp\\htdocs...', Array, true)
#9 C:\xampp\htdocs\framework\web\widgets\CContentDecorator.php(54): CContentDecorator->decorate('<div class="con...')
#10 C:\xampp\htdocs\framework\web\widgets\COutputProcessor.php(44): CContentDecorator->processOutput('<div class="con...')
#11 C:\xampp\htdocs\framework\web\CBaseController.php(214): COutputProcessor->run()
#12 C:\xampp\htdocs\framework\web\CBaseController.php(308): CBaseController->endWidget('CContentDecorat...')
#13 C:\xampp\htdocs\framework\gii\views\layouts\column1.php(7): CBaseController->endContent()
#14 C:\xampp\htdocs\framework\web\CBaseController.php(126): require('C:\\xampp\\htdocs...')
#15 C:\xampp\htdocs\framework\web\CBaseController.php(95): CBaseController->renderInternal('C:\\xampp\\htdocs...', Array, true)
#16 C:\xampp\htdocs\framework\web\CController.php(784): CBaseController->renderFile('C:\\xampp\\htdocs...', Array, true)
#17 C:\xampp\htdocs\framework\gii\controllers\DefaultController.php(47): CController->render('login', Array)
#18 C:\xampp\htdocs\framework\web\actions\CInlineAction.php(49): DefaultController->actionLogin()
#19 C:\xampp\htdocs\framework\web\CController.php(308): CInlineAction->runWithParams(Array)
#20 C:\xampp\htdocs\framework\web\CController.php(286): CController->runAction(Object(CInlineAction))
#21 C:\xampp\htdocs\framework\web\CController.php(265): CController->runActionWithFilters(Object(CInlineAction), Array)
#22 C:\xampp\htdocs\framework\web\CWebApplication.php(282): CController->run('login')
#23 C:\xampp\htdocs\framework\web\CWebApplication.php(141): CWebApplication->runController('gii/default/log...')
#24 C:\xampp\htdocs\framework\base\CApplication.php(184): CWebApplication->processRequest()
#25 C:\xampp\htdocs\mailing\index.php(13): CApplication->run()
#26 {main}
REQUEST_URI=/mailing/index.php/gii/default/login
---
2020/02/13 02:58:47 [error] [exception.CException] CException: CAssetManager.basePath "C:\xampp\htdocs\mailing\assets" is invalid. Please make sure the directory exists and is writable by the Web server process. in C:\xampp\htdocs\framework\web\CAssetManager.php:138
Stack trace:
#0 C:\xampp\htdocs\framework\web\CAssetManager.php(123): CAssetManager->setBasePath('C:\\xampp\\htdocs...')
#1 C:\xampp\htdocs\framework\web\CAssetManager.php(217): CAssetManager->getBasePath()
#2 C:\xampp\htdocs\framework\gii\GiiModule.php(143): CAssetManager->publish('C:\\xampp\\htdocs...')
#3 C:\xampp\htdocs\framework\base\CComponent.php(111): GiiModule->getAssetsUrl()
#4 C:\xampp\htdocs\framework\base\CModule.php(105): CComponent->__get('assetsUrl')
#5 C:\xampp\htdocs\framework\gii\views\layouts\main.php(5): CModule->__get('assetsUrl')
#6 C:\xampp\htdocs\framework\web\CBaseController.php(126): require('C:\\xampp\\htdocs...')
#7 C:\xampp\htdocs\framework\web\CBaseController.php(95): CBaseController->renderInternal('C:\\xampp\\htdocs...', Array, true)
#8 C:\xampp\htdocs\framework\web\widgets\CContentDecorator.php(76): CBaseController->renderFile('C:\\xampp\\htdocs...', Array, true)
#9 C:\xampp\htdocs\framework\web\widgets\CContentDecorator.php(54): CContentDecorator->decorate('<div class="con...')
#10 C:\xampp\htdocs\framework\web\widgets\COutputProcessor.php(44): CContentDecorator->processOutput('<div class="con...')
#11 C:\xampp\htdocs\framework\web\CBaseController.php(214): COutputProcessor->run()
#12 C:\xampp\htdocs\framework\web\CBaseController.php(308): CBaseController->endWidget('CContentDecorat...')
#13 C:\xampp\htdocs\framework\gii\views\layouts\column1.php(7): CBaseController->endContent()
#14 C:\xampp\htdocs\framework\web\CBaseController.php(126): require('C:\\xampp\\htdocs...')
#15 C:\xampp\htdocs\framework\web\CBaseController.php(95): CBaseController->renderInternal('C:\\xampp\\htdocs...', Array, true)
#16 C:\xampp\htdocs\framework\web\CController.php(784): CBaseController->renderFile('C:\\xampp\\htdocs...', Array, true)
#17 C:\xampp\htdocs\framework\gii\controllers\DefaultController.php(47): CController->render('login', Array)
#18 C:\xampp\htdocs\framework\web\actions\CInlineAction.php(49): DefaultController->actionLogin()
#19 C:\xampp\htdocs\framework\web\CController.php(308): CInlineAction->runWithParams(Array)
#20 C:\xampp\htdocs\framework\web\CController.php(286): CController->runAction(Object(CInlineAction))
#21 C:\xampp\htdocs\framework\web\CController.php(265): CController->runActionWithFilters(Object(CInlineAction), Array)
#22 C:\xampp\htdocs\framework\web\CWebApplication.php(282): CController->run('login')
#23 C:\xampp\htdocs\framework\web\CWebApplication.php(141): CWebApplication->runController('gii/default/log...')
#24 C:\xampp\htdocs\framework\base\CApplication.php(184): CWebApplication->processRequest()
#25 C:\xampp\htdocs\mailing\index.php(13): CApplication->run()
#26 {main}
REQUEST_URI=/mailing/index.php/gii/default/login
---
2020/02/13 03:06:05 [error] [php] count(): Parameter must be an array or an object that implements Countable (C:\xampp\htdocs\framework\gii\generators\model\ModelCode.php:371)
Stack trace:
#0 C:\xampp\htdocs\framework\gii\CCodeGenerator.php(162): ModelCode->prepare()
#1 C:\xampp\htdocs\framework\gii\CCodeGenerator.php(63): ModelGenerator->prepare()
#2 C:\xampp\htdocs\framework\web\actions\CInlineAction.php(49): ModelGenerator->actionIndex()
#3 C:\xampp\htdocs\framework\web\CController.php(308): CInlineAction->runWithParams()
#4 C:\xampp\htdocs\framework\web\CController.php(286): ModelGenerator->runAction()
#5 C:\xampp\htdocs\framework\web\CController.php(265): ModelGenerator->runActionWithFilters()
#6 C:\xampp\htdocs\framework\web\CWebApplication.php(282): ModelGenerator->run()
#7 C:\xampp\htdocs\framework\web\CWebApplication.php(141): CWebApplication->runController()
#8 C:\xampp\htdocs\framework\base\CApplication.php(184): CWebApplication->processRequest()
#9 C:\xampp\htdocs\mailing\index.php(13): CWebApplication->run()
REQUEST_URI=/mailing/index.php/gii/model/index
in C:\xampp\htdocs\mailing\index.php (13)
2020/02/13 03:07:11 [error] [php] count(): Parameter must be an array or an object that implements Countable (C:\xampp\htdocs\mailing\framework\gii\generators\model\ModelCode.php:371)
Stack trace:
#0 C:\xampp\htdocs\mailing\framework\gii\CCodeGenerator.php(162): ModelCode->prepare()
#1 C:\xampp\htdocs\mailing\framework\gii\CCodeGenerator.php(63): ModelGenerator->prepare()
#2 C:\xampp\htdocs\mailing\framework\web\actions\CInlineAction.php(49): ModelGenerator->actionIndex()
#3 C:\xampp\htdocs\mailing\framework\web\CController.php(308): CInlineAction->runWithParams()
#4 C:\xampp\htdocs\mailing\framework\web\CController.php(286): ModelGenerator->runAction()
#5 C:\xampp\htdocs\mailing\framework\web\CController.php(265): ModelGenerator->runActionWithFilters()
#6 C:\xampp\htdocs\mailing\framework\web\CWebApplication.php(282): ModelGenerator->run()
#7 C:\xampp\htdocs\mailing\framework\web\CWebApplication.php(141): CWebApplication->runController()
#8 C:\xampp\htdocs\mailing\framework\base\CApplication.php(184): CWebApplication->processRequest()
#9 C:\xampp\htdocs\mailing\index.php(13): CWebApplication->run()
REQUEST_URI=/mailing/index.php/gii/model/index
in C:\xampp\htdocs\mailing\index.php (13)
